<?xml version="1.0" encoding="UTF-8"?>
<testsuite xmlns:xsi="http://www.w3.org/2001/XMLSchema-instance" xsi:noNamespaceSchemaLocation="https://maven.apache.org/surefire/maven-surefire-plugin/xsd/surefire-test-report-3.0.xsd" version="3.0" name="com.project.blog.BlogApiApplicationTests" time="8.047" tests="1" errors="0" skipped="0" failures="0">
  <properties>
[...]
</properties>
  <testcase name="contextLoads" classname="com.project.blog.BlogApiApplicationTests" time="0.662">
    <system-out><![CDATA[20:28:40.149 [main] INFO org.springframework.test.context.support.AnnotationConfigContextLoaderUtils -- Could not detect default configuration classes for test class [com.project.blog.BlogApiApplicationTests]: BlogApiApplicationTests does not declare any static, non-private, non-final, nested classes annotated with @Configuration.
20:28:40.288 [main] INFO org.springframework.boot.test.context.SpringBootTestContextBootstrapper -- Found @SpringBootConfiguration com.project.blog.BlogApiApplication for test class com.project.blog.BlogApiApplicationTests
20:28:40.544 [main] INFO org.springframework.boot.devtools.restart.RestartApplicationListener -- Restart disabled due to context in which it is running

  .   ____          _            __ _ _
 /\\ / ___'_ __ _ _(_)_ __  __ _ \ \ \ \
( ( )\___ | '_ | '_| | '_ \/ _` | \ \ \ \
 \\/  ___)| |_)| | | | | || (_| |  ) ) ) )
  '  |____| .__|_| |_|_| |_\__, | / / / /
 =========|_|==============|___/=/_/_/_/
 :: Spring Boot ::                (v3.2.0)

2024-01-18T20:28:40.893+05:30  INFO 3048 --- [           main] c.project.blog.BlogApiApplicationTests   : Starting BlogApiApplicationTests using Java 17.0.7 with PID 3048 (started by ARYAN in C:\Users\ARYAN\workspace-spring-tool-suite-4-4.19.1.RELEASE\blog-api)
2024-01-18T20:28:40.894+05:30  INFO 3048 --- [           main] c.project.blog.BlogApiApplicationTests   : The following 1 profile is active: "dev"
2024-01-18T20:28:42.256+05:30  INFO 3048 --- [           main] .s.d.r.c.RepositoryConfigurationDelegate : Bootstrapping Spring Data JPA repositories in DEFAULT mode.
2024-01-18T20:28:42.341+05:30  INFO 3048 --- [           main] .s.d.r.c.RepositoryConfigurationDelegate : Finished Spring Data repository scanning in 76 ms. Found 5 JPA repository interfaces.
2024-01-18T20:28:43.051+05:30  INFO 3048 --- [           main] o.hibernate.jpa.internal.util.LogHelper  : HHH000204: Processing PersistenceUnitInfo [name: default]
2024-01-18T20:28:43.129+05:30  INFO 3048 --- [           main] org.hibernate.Version                    : HHH000412: Hibernate ORM core version 6.3.1.Final
2024-01-18T20:28:43.177+05:30  INFO 3048 --- [           main] o.h.c.internal.RegionFactoryInitiator    : HHH000026: Second-level cache disabled
2024-01-18T20:28:43.543+05:30  INFO 3048 --- [           main] o.s.o.j.p.SpringPersistenceUnitInfo      : No LoadTimeWeaver setup: ignoring JPA class transformer
2024-01-18T20:28:43.582+05:30  INFO 3048 --- [           main] com.zaxxer.hikari.HikariDataSource       : HikariPool-1 - Starting...
2024-01-18T20:28:43.989+05:30  INFO 3048 --- [           main] com.zaxxer.hikari.pool.HikariPool        : HikariPool-1 - Added connection com.mysql.cj.jdbc.ConnectionImpl@68454ed5
2024-01-18T20:28:43.992+05:30  INFO 3048 --- [           main] com.zaxxer.hikari.HikariDataSource       : HikariPool-1 - Start completed.
2024-01-18T20:28:44.042+05:30  WARN 3048 --- [           main] org.hibernate.orm.deprecation            : HHH90000025: MySQL8Dialect does not need to be specified explicitly using 'hibernate.dialect' (remove the property setting and it will be selected by default)
2024-01-18T20:28:44.043+05:30  WARN 3048 --- [           main] org.hibernate.orm.deprecation            : HHH90000026: MySQL8Dialect has been deprecated; use org.hibernate.dialect.MySQLDialect instead
2024-01-18T20:28:45.185+05:30  INFO 3048 --- [           main] o.h.e.t.j.p.i.JtaPlatformInitiator       : HHH000489: No JTA platform available (set 'hibernate.transaction.jta.platform' to enable JTA platform integration)
2024-01-18T20:28:45.287+05:30  INFO 3048 --- [           main] j.LocalContainerEntityManagerFactoryBean : Initialized JPA EntityManagerFactory for persistence unit 'default'
2024-01-18T20:28:46.134+05:30  WARN 3048 --- [           main] JpaBaseConfiguration$JpaWebConfiguration : spring.jpa.open-in-view is enabled by default. Therefore, database queries may be performed during view rendering. Explicitly configure spring.jpa.open-in-view to disable this warning
2024-01-18T20:28:46.535+05:30  INFO 3048 --- [           main] o.s.s.web.DefaultSecurityFilterChain     : Will secure any request with [org.springframework.security.web.session.DisableEncodeUrlFilter@4a1abba1, org.springframework.security.web.context.request.async.WebAsyncManagerIntegrationFilter@67263db7, org.springframework.security.web.context.SecurityContextHolderFilter@184e5c44, org.springframework.security.web.header.HeaderWriterFilter@5bbf8daa, org.springframework.web.filter.CorsFilter@4a2bc71f, org.springframework.security.web.authentication.logout.LogoutFilter@509e4d53, com.project.blog.security.JwtAuthenticationFilter@7f33ad20, org.springframework.security.web.savedrequest.RequestCacheAwareFilter@6153aca1, org.springframework.security.web.servletapi.SecurityContextHolderAwareRequestFilter@30b2d267, org.springframework.security.web.authentication.AnonymousAuthenticationFilter@20f94e9a, org.springframework.security.web.session.SessionManagementFilter@7dbc77ca, org.springframework.security.web.access.ExceptionTranslationFilter@130a99fe, org.springframework.security.web.access.intercept.AuthorizationFilter@17a756db]
2024-01-18T20:28:47.092+05:30  INFO 3048 --- [           main] c.project.blog.BlogApiApplicationTests   : Started BlogApiApplicationTests in 6.569 seconds (process running for 8.009)
$2a$10$tWOZK3RyNEjuAPvEt1KqSOtqtv0r1UYWQnbxtEogNnyyRoAbxsOZ6
Hibernate: select r1_0.id,r1_0.name from role r1_0 where r1_0.id=?
Hibernate: select r1_0.id,r1_0.name from role r1_0 where r1_0.id=?
ROLE_ADMIN
ROLE_NORMAL
]]></system-out>
  </testcase>
</testsuite>